<?xml version="1.0" encoding="UTF-8"?>
<testng-results skipped="0" failed="0" ignored="0" total="1" passed="1">
  <reporter-output>
  </reporter-output>
  <suite name="Default suite" duration-ms="631" started-at="2020-04-08T00:42:45 IST" finished-at="2020-04-08T00:42:45 IST">
    <groups>
    </groups>
    <test name="Default test" duration-ms="631" started-at="2020-04-08T00:42:45 IST" finished-at="2020-04-08T00:42:45 IST">
      <class name="tests.BaseClass">
        <test-method status="PASS" signature="setup()[pri:0, instance:tests.BaseClass@6c49835d]" name="setup" is-config="true" duration-ms="602" started-at="2020-04-08T00:42:45 IST" finished-at="2020-04-08T00:42:45 IST">
          <reporter-output>
          </reporter-output>
        </test-method> <!-- setup -->
        <test-method status="PASS" signature="sampleTest()[pri:0, instance:tests.BaseClass@6c49835d]" name="sampleTest" duration-ms="3" started-at="2020-04-08T00:42:45 IST" finished-at="2020-04-08T00:42:45 IST">
          <reporter-output>
          </reporter-output>
        </test-method> <!-- sampleTest -->
        <test-method status="PASS" signature="teardown()[pri:0, instance:tests.BaseClass@6c49835d]" name="teardown" is-config="true" duration-ms="1" started-at="2020-04-08T00:42:45 IST" finished-at="2020-04-08T00:42:45 IST">
          <reporter-output>
          </reporter-output>
        </test-method> <!-- teardown -->
      </class> <!-- tests.BaseClass -->
    </test> <!-- Default test -->
  </suite> <!-- Default suite -->
</testng-results>
