<?xml version="1.0" encoding="UTF-8"?>
<testng-results skipped="0" failed="0" ignored="0" total="1" passed="1">
  <reporter-output>
  </reporter-output>
  <suite name="Default suite" duration-ms="1042" started-at="2020-04-07T02:17:35 IST" finished-at="2020-04-07T02:17:36 IST">
    <groups>
    </groups>
    <test name="Default test" duration-ms="1042" started-at="2020-04-07T02:17:35 IST" finished-at="2020-04-07T02:17:36 IST">
      <class name="tests.BaseClass">
        <test-method status="PASS" signature="setup()[pri:0, instance:tests.BaseClass@72b6cbcc]" name="setup" is-config="true" duration-ms="1010" started-at="2020-04-07T02:17:35 IST" finished-at="2020-04-07T02:17:36 IST">
          <reporter-output>
          </reporter-output>
        </test-method> <!-- setup -->
        <test-method status="PASS" signature="sampleTest()[pri:0, instance:tests.BaseClass@72b6cbcc]" name="sampleTest" duration-ms="4" started-at="2020-04-07T02:17:36 IST" finished-at="2020-04-07T02:17:36 IST">
          <reporter-output>
          </reporter-output>
        </test-method> <!-- sampleTest -->
        <test-method status="PASS" signature="teardown()[pri:0, instance:tests.BaseClass@72b6cbcc]" name="teardown" is-config="true" duration-ms="0" started-at="2020-04-07T02:17:36 IST" finished-at="2020-04-07T02:17:36 IST">
          <reporter-output>
          </reporter-output>
        </test-method> <!-- teardown -->
      </class> <!-- tests.BaseClass -->
    </test> <!-- Default test -->
  </suite> <!-- Default suite -->
</testng-results>
